Watching for file changes with StatReloader
[17/Jun/2026 22:53:23] "GET / HTTP/1.1" 200 8648
[17/Jun/2026 22:55:23] "GET /product/ HTTP/1.1" 200 8856
[17/Jun/2026 22:55:24] "GET /category/ HTTP/1.1" 200 8973
[17/Jun/2026 22:55:25] "GET /gallery/ HTTP/1.1" 200 8944
[17/Jun/2026 22:55:27] "GET /about/ HTTP/1.1" 200 9427
[17/Jun/2026 22:55:30] "GET / HTTP/1.1" 200 8648
[17/Jun/2026 23:52:20] "GET / HTTP/1.1" 200 8824
[17/Jun/2026 23:53:30] "GET / HTTP/1.1" 200 8824
[17/Jun/2026 23:53:31] "GET /static/Assets/LOGO.png HTTP/1.1" 200 502329
Not Found: /favicon.ico
[17/Jun/2026 23:53:33] "GET /favicon.ico HTTP/1.1" 404 5704
[17/Jun/2026 23:56:29] "GET / HTTP/1.1" 200 8824
[17/Jun/2026 23:56:29] "GET /static/Assets/LOGO.png HTTP/1.1" 200 286056
[18/Jun/2026 00:03:30] "GET /about/ HTTP/1.1" 200 9690
[18/Jun/2026 00:03:30] "GET /static/Assets/LOGO.png HTTP/1.1" 304 0
[18/Jun/2026 00:03:42] "GET / HTTP/1.1" 200 8911
[18/Jun/2026 00:21:45] "GET / HTTP/1.1" 200 9463
[18/Jun/2026 00:21:45] "GET /static/Assets/LOGO.png HTTP/1.1" 304 0
[18/Jun/2026 00:22:23] "GET / HTTP/1.1" 200 9463
[18/Jun/2026 00:22:26] "GET / HTTP/1.1" 200 9463
[18/Jun/2026 00:22:29] "GET / HTTP/1.1" 200 9463
[18/Jun/2026 00:22:33] "GET / HTTP/1.1" 200 9463
[18/Jun/2026 00:22:35] "GET / HTTP/1.1" 200 9463
[18/Jun/2026 00:22:36] "GET /product/ HTTP/1.1" 200 9690
[18/Jun/2026 00:22:37] "GET /category/ HTTP/1.1" 200 9997
[18/Jun/2026 00:22:38] "GET /gallery/ HTTP/1.1" 200 9424
[18/Jun/2026 00:22:39] "GET /about/ HTTP/1.1" 200 9883
[18/Jun/2026 00:22:45] "GET / HTTP/1.1" 200 9463
[18/Jun/2026 00:25:29] "GET /register/ HTTP/1.1" 200 8372
[18/Jun/2026 00:25:29] "GET /static/Assets/LOGO.png HTTP/1.1" 304 0
[18/Jun/2026 00:25:32] "GET /login/ HTTP/1.1" 200 7907
[18/Jun/2026 00:25:34] "GET /register/ HTTP/1.1" 200 8372
[18/Jun/2026 00:25:35] "GET / HTTP/1.1" 200 9463
[18/Jun/2026 00:26:29] "GET / HTTP/1.1" 200 9645
[18/Jun/2026 00:26:42] "GET / HTTP/1.1" 200 9680
[18/Jun/2026 00:26:44] "GET /product/ HTTP/1.1" 200 9907
[18/Jun/2026 00:26:46] "GET /category/ HTTP/1.1" 200 10214
[18/Jun/2026 00:26:48] "GET /gallery/ HTTP/1.1" 200 9676
[18/Jun/2026 00:26:51] "GET /about/ HTTP/1.1" 200 10135
[18/Jun/2026 00:26:55] "GET / HTTP/1.1" 200 9715
[18/Jun/2026 00:28:37] "GET / HTTP/1.1" 200 9785
[18/Jun/2026 00:28:37] "GET /static/Assets/LOGO.png HTTP/1.1" 304 0
[18/Jun/2026 00:30:14] "GET / HTTP/1.1" 200 9952
[18/Jun/2026 00:30:28] "GET / HTTP/1.1" 200 9952
[18/Jun/2026 00:30:46] "GET / HTTP/1.1" 200 9952
[18/Jun/2026 00:30:56] "GET /product/ HTTP/1.1" 200 10179
[18/Jun/2026 00:30:59] "GET /gallery/ HTTP/1.1" 200 9913
[18/Jun/2026 00:31:01] "GET /category/ HTTP/1.1" 200 10486
[18/Jun/2026 00:31:02] "GET /about/ HTTP/1.1" 200 10372
[18/Jun/2026 00:31:04] "GET /gallery/ HTTP/1.1" 200 9913
[18/Jun/2026 00:31:44] "GET /gallery/ HTTP/1.1" 200 9913
[18/Jun/2026 00:31:57] "GET /gallery/ HTTP/1.1" 200 9913
[18/Jun/2026 00:31:58] "GET /static/Assets/LOGO.png HTTP/1.1" 304 0
[18/Jun/2026 00:32:01] "GET / HTTP/1.1" 200 9952
[18/Jun/2026 00:32:13] "GET /register/ HTTP/1.1" 200 8861
[18/Jun/2026 00:32:18] "GET /login/ HTTP/1.1" 200 8396
[18/Jun/2026 00:32:21] "GET /category/ HTTP/1.1" 200 10486
[18/Jun/2026 00:32:22] "GET /gallery/ HTTP/1.1" 200 9913
[18/Jun/2026 00:32:23] "GET /about/ HTTP/1.1" 200 10372
[18/Jun/2026 00:32:27] "GET / HTTP/1.1" 200 9952
[18/Jun/2026 00:32:27] "GET /product/ HTTP/1.1" 200 10179
[18/Jun/2026 00:32:28] "GET /category/ HTTP/1.1" 200 10486
[18/Jun/2026 00:32:29] "GET /gallery/ HTTP/1.1" 200 9913
[18/Jun/2026 00:32:30] "GET /about/ HTTP/1.1" 200 10372
[18/Jun/2026 00:32:32] "GET / HTTP/1.1" 200 9952
[18/Jun/2026 00:32:40] "GET /gallery/ HTTP/1.1" 200 9913
[18/Jun/2026 00:32:42] "GET /register/ HTTP/1.1" 200 8861
[18/Jun/2026 00:32:45] "GET / HTTP/1.1" 200 9952
[18/Jun/2026 00:37:09] "GET /login/ HTTP/1.1" 200 9714
[18/Jun/2026 00:39:55] "GET / HTTP/1.1" 200 9952
[18/Jun/2026 00:39:55] "GET /static/Assets/LOGO.png HTTP/1.1" 304 0
[18/Jun/2026 00:39:58] "GET /register/ HTTP/1.1" 200 10399
[18/Jun/2026 00:40:03] "GET /register/ HTTP/1.1" 200 10399
[18/Jun/2026 00:40:07] "GET /login/ HTTP/1.1" 200 9714
[18/Jun/2026 00:40:17] "GET /register/ HTTP/1.1" 200 10399
[18/Jun/2026 00:57:16] "GET /cart/ HTTP/1.1" 200 7615
[18/Jun/2026 00:57:16] "GET /static/Assets/LOGO.png HTTP/1.1" 304 0
[18/Jun/2026 00:57:18] "GET /register/ HTTP/1.1" 200 10399
[18/Jun/2026 00:57:20] "GET /login/ HTTP/1.1" 200 9714
[18/Jun/2026 00:57:24] "GET /register/ HTTP/1.1" 200 10399
[18/Jun/2026 00:57:27] "GET /cart/ HTTP/1.1" 200 7615
[18/Jun/2026 00:57:28] "GET /wishlist/ HTTP/1.1" 200 7727
[18/Jun/2026 00:57:31] "GET / HTTP/1.1" 200 9952
[18/Jun/2026 01:06:14] "GET / HTTP/1.1" 200 9952
[18/Jun/2026 01:06:14] "GET /static/Assets/LOGO.png HTTP/1.1" 304 0
[18/Jun/2026 01:06:21] "GET / HTTP/1.1" 200 9952
[18/Jun/2026 01:06:27] "GET / HTTP/1.1" 200 9952
[18/Jun/2026 01:06:28] "GET /product/ HTTP/1.1" 200 10179
[18/Jun/2026 01:06:31] "GET /category/ HTTP/1.1" 200 10486
[18/Jun/2026 01:06:32] "GET /gallery/ HTTP/1.1" 200 9913
[18/Jun/2026 01:06:36] "GET /about/ HTTP/1.1" 200 10372
[18/Jun/2026 01:06:46] "GET / HTTP/1.1" 200 9952
[18/Jun/2026 01:06:49] "GET /product/ HTTP/1.1" 200 10179
[18/Jun/2026 01:06:50] "GET /category/ HTTP/1.1" 200 10486
[18/Jun/2026 01:06:51] "GET / HTTP/1.1" 200 9952
[18/Jun/2026 01:07:10] "GET / HTTP/1.1" 200 9952
[18/Jun/2026 01:07:12] "GET / HTTP/1.1" 200 9952
[18/Jun/2026 01:07:20] "GET / HTTP/1.1" 200 9952
[18/Jun/2026 01:42:58] "GET / HTTP/1.1" 200 9952
[18/Jun/2026 01:42:58] "GET /static/Assets/LOGO.png HTTP/1.1" 304 0
[18/Jun/2026 01:43:16] "GET /product/ HTTP/1.1" 200 10179
[18/Jun/2026 01:43:20] "GET /category/ HTTP/1.1" 200 10486
[18/Jun/2026 01:43:24] "GET /about/ HTTP/1.1" 200 10372
[18/Jun/2026 01:43:26] "GET /gallery/ HTTP/1.1" 200 9913
[18/Jun/2026 01:43:30] "GET /about/ HTTP/1.1" 200 10372
[18/Jun/2026 01:43:35] "GET / HTTP/1.1" 200 9952
